[INFO] 2025-04-09T12:21:47-04:00 [logger.go:249] Starting TMI API server
[INFO] 2025-04-09T12:21:47-04:00 [logger.go:249] Environment: development
[INFO] 2025-04-09T12:21:47-04:00 [logger.go:249] Log level: info
[INFO] 2025-04-09T12:21:47-04:00 [logger.go:249] Server listening on port 8080
[WARN] 2025-04-09T12:21:56-04:00 [middleware.go:160] [94292cd2-c8fc-42f8-af81-117de82c391c] unknown unknown ip=::1 | Authentication required but userName not found in context
[WARN] 2025-04-09T12:21:56-04:00 [logger.go:413] [94292cd2-c8fc-42f8-af81-117de82c391c] unknown unknown ip=::1 | Request completed with client error - status=401 duration=540.917µs
[WARN] 2025-04-09T12:21:56-04:00 [main.go:50] [9681be72-416b-4c1b-9f1b-7e568ab83c47] unknown unknown ip=::1 | Authentication failed: Missing Authorization header
[WARN] 2025-04-09T12:21:56-04:00 [logger.go:413] [9681be72-416b-4c1b-9f1b-7e568ab83c47] unknown unknown ip=::1 | Request completed with client error - status=401 duration=142µs
[INFO] 2025-04-09T12:22:20-04:00 [logger.go:249] Shutting down server...
[INFO] 2025-04-09T12:22:20-04:00 [logger.go:249] Server gracefully stopped
[INFO] 2025-04-09T15:04:25-04:00 [logger.go:249] Starting TMI API server
[INFO] 2025-04-09T15:04:25-04:00 [logger.go:249] Environment: development
[INFO] 2025-04-09T15:04:25-04:00 [logger.go:249] Log level: info
[INFO] 2025-04-09T15:04:25-04:00 [logger.go:249] Server listening on port 8080
[INFO] 2025-04-09T15:04:44-04:00 [version.go:142] [93280005-a15b-4721-82dc-e337fc558ebe] unknown unknown ip=::1 | Returning API info response
[INFO] 2025-04-09T15:04:44-04:00 [logger.go:415] [93280005-a15b-4721-82dc-e337fc558ebe] unknown unknown ip=::1 | Request completed - status=200 duration=8.922666ms
[WARN] 2025-04-09T15:04:44-04:00 [main.go:67] [500f7d79-70a5-492f-93f6-32fa5f8f7099] unknown unknown ip=::1 | Authentication failed: Missing Authorization header for path: /favicon.ico
[WARN] 2025-04-09T15:04:44-04:00 [logger.go:413] [500f7d79-70a5-492f-93f6-32fa5f8f7099] unknown unknown ip=::1 | Request completed with client error - status=401 duration=360.542µs
[INFO] 2025-04-09T15:50:37-04:00 [logger.go:249] Shutting down server...
[INFO] 2025-04-09T15:50:37-04:00 [logger.go:249] Server gracefully stopped
